
Showing logs for build [32mcb-kubecd-environment-pr-158-34-mvfls-1[0m stage [32mfrom-build-pack[0m and container [32mstep-credential-initializer-f7qlt[0m
{"level":"warn","ts":1581770423.4658706,"logger":"fallback-logger","caller":"logging/config.go:69","msg":"Fetch GitHub commit ID from kodata failed: \"ref: refs/heads/0.8.0-**-support-backwards-incompats\" is not a valid GitHub commit ID"}
{"level":"info","ts":1581770423.4666536,"logger":"fallback-logger","caller":"creds-init/main.go:40","msg":"Credentials initialized."}

Showing logs for build [32mcb-kubecd-environment-pr-158-34-mvfls-1[0m stage [32mfrom-build-pack[0m and container [32mstep-working-dir-initializer-h6zc5[0m
{"level":"warn","ts":1581770424.4242184,"logger":"fallback-logger","caller":"logging/config.go:69","msg":"Fetch GitHub commit ID from kodata failed: open /var/run/ko/HEAD: no such file or directory"}
{"level":"info","ts":1581770424.426067,"logger":"fallback-logger","caller":"bash/main.go:64","msg":"Successfully executed command \"sh -c mkdir -p /workspace/source\"; output "}

Showing logs for build [32mcb-kubecd-environment-pr-158-34-mvfls-1[0m stage [32mfrom-build-pack[0m and container [32mstep-place-tools[0m

Showing logs for build [32mcb-kubecd-environment-pr-158-34-mvfls-1[0m stage [32mfrom-build-pack[0m and container [32mstep-git-source-cb-kubecd-environment-pr-158-34-mvfls-z79sq[0m
{"level":"warn","ts":1581770430.5733173,"logger":"fallback-logger","caller":"logging/config.go:69","msg":"Fetch GitHub commit ID from kodata failed: \"ref: refs/heads/0.8.0-**-support-backwards-incompats\" is not a valid GitHub commit ID"}
{"level":"info","ts":1581770431.6264877,"logger":"fallback-logger","caller":"git/git.go:103","msg":"Successfully cloned https://github.com/cb-kubecd/environment-pr-158-34-boot-gke-production.git @ master in path /workspace/source"}

Showing logs for build [32mcb-kubecd-environment-pr-158-34-mvfls-1[0m stage [32mfrom-build-pack[0m and container [32mstep-git-merge[0m
Using SHAs from PULL_REFS=master:c1b88d658108d2b728157b2ab55b395b5f89fde6,1:8812b61ca4ceff692d4051dbc54f996a02509778
DEBUG: LC_ALL=C JX_LOG_LEVEL=error git fetch origin --unshallow 8812b61ca4ceff692d4051dbc54f996a02509778: c1b88d658108d2b728157b2ab55b395b5f89fde6:
DEBUG: ran git fetch --unshallow origin 8812b61ca4ceff692d4051dbc54f996a02509778: c1b88d658108d2b728157b2ab55b395b5f89fde6: in 
DEBUG: JX_LOG_LEVEL=error LC_ALL=C git branch
DEBUG: LC_ALL=C JX_LOG_LEVEL=error git checkout master
DEBUG: ran git checkout master in 
DEBUG: LC_ALL=C JX_LOG_LEVEL=error git reset --hard c1b88d658108d2b728157b2ab55b395b5f89fde6
DEBUG: ran git reset --hard c1b88d658108d2b728157b2ab55b395b5f89fde6 in 
DEBUG: LC_ALL=C JX_LOG_LEVEL=error git clean -fd .
DEBUG: ran clean --force -d . in 
DEBUG: LC_ALL=C JX_LOG_LEVEL=error git merge 8812b61ca4ceff692d4051dbc54f996a02509778
DEBUG: ran git merge 8812b61ca4ceff692d4051dbc54f996a02509778 in 
DEBUG: LC_ALL=C JX_LOG_LEVEL=error git log --format=%H%x1f%an%x1f%ae%x1f%cn%x1f%ce%x1f%s%n%b%x1e c1b88d658108d2b728157b2ab55b395b5f89fde6..HEAD
Merged SHA 8812b61ca4ceff692d4051dbc54f996a02509778 with commit message 'chore: Promote bdd-spring-1581769505 to version 0.0.1' into base branch master

Showing logs for build [32mcb-kubecd-environment-pr-158-34-mvfls-1[0m stage [32mfrom-build-pack[0m and container [32mstep-build-helm-build[0m
WARNING: No $CHART_REPOSITORY defined so using the default value of: http://jenkins-x-chartmuseum:8080
Adding missing Helm repo: storage.googleapis.com https://storage.googleapis.com/chartmuseum.jenkins-x.io
WARNING: No secrets found on "helm/repos" due: reading the secret "helm/repos" from vault: no secret "helm/repos" not found in vault
Read credentials for https://storage.googleapis.com/chartmuseum.jenkins-x.io from vault helm/repos
Successfully added Helm repository storage.googleapis.com.
Adding missing Helm repo: jenkins-x-chartmuseum http://jenkins-x-chartmuseum:8080
WARNING: No secrets found on "helm/repos" due: reading the secret "helm/repos" from vault: no secret "helm/repos" not found in vault
Read credentials for http://jenkins-x-chartmuseum:8080 from vault helm/repos
Successfully added Helm repository jenkins-x-chartmuseum.
WARNING: No $CHART_REPOSITORY defined so using the default value of: http://jenkins-x-chartmuseum:8080
Adding missing Helm repo: chartmuseum.jenkins-x.io http://chartmuseum.jenkins-x.io
WARNING: No secrets found on "helm/repos" due: reading the secret "helm/repos" from vault: no secret "helm/repos" not found in vault
Read credentials for http://chartmuseum.jenkins-x.io from vault helm/repos
Successfully added Helm repository chartmuseum.jenkins-x.io.
